<?xml version="1.0" encoding="UTF-8"?>
<testsuite name="com.activity.tracker.DemoApplicationTests" tests="1" skipped="0" failures="0" errors="0" timestamp="2025-03-06T12:51:35" hostname="Raghavs-MacBook-Air.local" time="0.482">
  <properties/>
  <testcase name="contextLoads()" classname="com.activity.tracker.DemoApplicationTests" time="0.482"/>
  <system-out><![CDATA[18:21:34.809 [Test worker] INFO org.springframework.test.context.support.AnnotationConfigContextLoaderUtils -- Could not detect default configuration classes for test class [com.activity.tracker.DemoApplicationTests]: DemoApplicationTests does not declare any static, non-private, non-final, nested classes annotated with @Configuration.
18:21:34.854 [Test worker] INFO org.springframework.boot.test.context.SpringBootTestContextBootstrapper -- Found @SpringBootConfiguration com.activity.tracker.ActivityTrackerApplication for test class com.activity.tracker.DemoApplicationTests

  .   ____          _            __ _ _
 /\\ / ___'_ __ _ _(_)_ __  __ _ \ \ \ \
( ( )\___ | '_ | '_| | '_ \/ _` | \ \ \ \
 \\/  ___)| |_)| | | | | || (_| |  ) ) ) )
  '  |____| .__|_| |_|_| |_\__, | / / / /
 =========|_|==============|___/=/_/_/_/

 :: Spring Boot ::                (v3.4.3)

2025-03-06T18:21:35.021+05:30  INFO 96164 --- [demo] [    Test worker] c.activity.tracker.DemoApplicationTests  : Starting DemoApplicationTests using Java 17.0.8 with PID 96164 (started by raghavsingh in /Users/raghavsingh/activity-tracker)
2025-03-06T18:21:35.022+05:30  INFO 96164 --- [demo] [    Test worker] c.activity.tracker.DemoApplicationTests  : No active profile set, falling back to 1 default profile: "default"
2025-03-06T18:21:35.275+05:30  INFO 96164 --- [demo] [    Test worker] .s.d.r.c.RepositoryConfigurationDelegate : Multiple Spring Data modules found, entering strict repository configuration mode
2025-03-06T18:21:35.276+05:30  INFO 96164 --- [demo] [    Test worker] .s.d.r.c.RepositoryConfigurationDelegate : Bootstrapping Spring Data Redis repositories in DEFAULT mode.
2025-03-06T18:21:35.288+05:30  INFO 96164 --- [demo] [    Test worker] .s.d.r.c.RepositoryConfigurationDelegate : Finished Spring Data repository scanning in 5 ms. Found 0 Redis repository interfaces.
2025-03-06T18:21:35.706+05:30 ERROR 96164 --- [demo] [    Test worker] i.n.r.d.DnsServerAddressStreamProviders  : Unable to load io.netty.resolver.dns.macos.MacOSDnsServerAddressStreamProvider, fallback to system defaults. This may result in incorrect DNS resolutions on MacOS. Check whether you have a dependency on 'io.netty:netty-resolver-dns-native-macos'. Use DEBUG level to see the full stack: java.lang.UnsatisfiedLinkError: failed to load the required native library
2025-03-06T18:21:35.887+05:30  INFO 96164 --- [demo] [    Test worker] c.activity.tracker.DemoApplicationTests  : Started DemoApplicationTests in 0.973 seconds (process running for 1.508)
]]></system-out>
  <system-err><![CDATA[]]></system-err>
</testsuite>
